# JRE version: Java(TM) SE Runtime Environment (8.0_111-b14) (build 1.8.0_111-b14)
# Java VM: Java HotSpot(TM) 64-Bit Server VM (25.111-b14 mixed mode linux-amd64 compressed oops)
Heap:
 PSYoungGen      total 936960K, used 660388K [0x00000006af600000, 0x00000006ea280000, 0x00000007c0000000)
  eden space 909824K, 72% used [0x00000006af600000,0x00000006d76e6900,0x00000006e6e80000)
  from space 27136K, 15% used [0x00000006e8700000,0x00000006e8b02a08,0x00000006ea180000)
  to   space 25088K, 0% used [0x00000006e6e80000,0x00000006e6e80000,0x00000006e8700000)
 ParOldGen       total 1213440K, used 45675K [0x000000048e200000, 0x00000004d8300000, 0x00000006af600000)
  object space 1213440K, 3% used [0x000000048e200000,0x0000000490e9ae78,0x00000004d8300000)
 Metaspace       used 59271K, capacity 60580K, committed 60692K, reserved 1101824K
  class space    used 7237K, capacity 7485K, committed 7552K, reserved 1048576K
GC Heap History (10 events):
Event: 37.090 GC heap before
{Heap before GC invocations=19 (full 3):
 PSYoungGen      total 465408K, used 436401K [0x00000006af600000, 0x00000006d8b00000, 0x00000007c0000000)
  eden space 432640K, 100% used [0x00000006af600000,0x00000006c9c80000,0x00000006c9c80000)
  from space 32768K, 11% used [0x00000006c9c80000,0x00000006ca02c4f0,0x00000006cbc80000)
  to   space 31232K, 0% used [0x00000006d6c80000,0x00000006d6c80000,0x00000006d8b00000)
 ParOldGen       total 1213440K, used 45443K [0x000000048e200000, 0x00000004d8300000, 0x00000006af600000)
  object space 1213440K, 3% used [0x000000048e200000,0x0000000490e60fd8,0x00000004d8300000)
 Metaspace       used 58384K, capacity 59610K, committed 59796K, reserved 1101824K
  class space    used 7172K, capacity 7423K, committed 7424K, reserved 1048576K
Event: 37.096 GC heap after
Heap after GC invocations=19 (full 3):
 PSYoungGen      total 613888K, used 288K [0x00000006af600000, 0x00000006d7b00000, 0x00000007c0000000)
  eden space 599040K, 0% used [0x00000006af600000,0x00000006af600000,0x00000006d3f00000)
  from space 14848K, 1% used [0x00000006d6c80000,0x00000006d6cc8000,0x00000006d7b00000)
  to   space 30720K, 0% used [0x00000006d3f00000,0x00000006d3f00000,0x00000006d5d00000)
 ParOldGen       total 1213440K, used 45451K [0x000000048e200000, 0x00000004d8300000, 0x00000006af600000)
  object space 1213440K, 3% used [0x000000048e200000,0x0000000490e62fd8,0x00000004d8300000)
 Metaspace       used 58384K, capacity 59610K, committed 59796K, reserved 1101824K
  class space    used 7172K, capacity 7423K, committed 7424K, reserved 1048576K
}
Event: 50.276 GC heap before
{Heap before GC invocations=20 (full 3):
 PSYoungGen      total 613888K, used 599066K [0x00000006af600000, 0x00000006d7b00000, 0x00000007c0000000)
  eden space 599040K, 99% used [0x00000006af600000,0x00000006d3ebebd8,0x00000006d3f00000)
  from space 14848K, 1% used [0x00000006d6c80000,0x00000006d6cc8000,0x00000006d7b00000)
  to   space 30720K, 0% used [0x00000006d3f00000,0x00000006d3f00000,0x00000006d5d00000)
 ParOldGen       total 1213440K, used 45451K [0x000000048e200000, 0x00000004d8300000, 0x00000006af600000)
  object space 1213440K, 3% used [0x000000048e200000,0x0000000490e62fd8,0x00000004d8300000)
 Metaspace       used 59012K, capacity 60230K, committed 60436K, reserved 1101824K
  class space    used 7204K, capacity 7457K, committed 7552K, reserved 1048576K
Event: 50.281 GC heap after
Heap after GC invocations=20 (full 3):
 PSYoungGen      total 629760K, used 2459K [0x00000006af600000, 0x00000006dfe00000, 0x00000007c0000000)
  eden space 599040K, 0% used [0x00000006af600000,0x00000006af600000,0x00000006d3f00000)
  from space 30720K, 8% used [0x00000006d3f00000,0x00000006d4166f68,0x00000006d5d00000)
  to   space 29184K, 0% used [0x00000006de180000,0x00000006de180000,0x00000006dfe00000)
 ParOldGen       total 1213440K, used 45459K [0x000000048e200000, 0x00000004d8300000, 0x00000006af600000)
  object space 1213440K, 3% used [0x000000048e200000,0x0000000490e64fd8,0x00000004d8300000)
 Metaspace       used 59012K, capacity 60230K, committed 60436K, reserved 1101824K
  class space    used 7204K, capacity 7457K, committed 7552K, reserved 1048576K
}
Event: 50.835 GC heap before
{Heap before GC invocations=21 (full 3):
 PSYoungGen      total 629760K, used 600132K [0x00000006af600000, 0x00000006dfe00000, 0x00000007c0000000)
  eden space 599040K, 99% used [0x00000006af600000,0x00000006d3daa098,0x00000006d3f00000)
  from space 30720K, 8% used [0x00000006d3f00000,0x00000006d4166f68,0x00000006d5d00000)
  to   space 29184K, 0% used [0x00000006de180000,0x00000006de180000,0x00000006dfe00000)
 ParOldGen       total 1213440K, used 45459K [0x000000048e200000, 0x00000004d8300000, 0x00000006af600000)
  object space 1213440K, 3% used [0x000000048e200000,0x0000000490e64fd8,0x00000004d8300000)
 Metaspace       used 59028K, capacity 60294K, committed 60692K, reserved 1101824K
  class space    used 7204K, capacity 7457K, committed 7552K, reserved 1048576K
Event: 50.841 GC heap after
Heap after GC invocations=21 (full 3):
 PSYoungGen      total 735744K, used 2108K [0x00000006af600000, 0x00000006dee80000, 0x00000007c0000000)
  eden space 722432K, 0% used [0x00000006af600000,0x00000006af600000,0x00000006db780000)
  from space 13312K, 15% used [0x00000006de180000,0x00000006de38f160,0x00000006dee80000)
  to   space 28160K, 0% used [0x00000006db780000,0x00000006db780000,0x00000006dd300000)
 ParOldGen       total 1213440K, used 45627K [0x000000048e200000, 0x00000004d8300000, 0x00000006af600000)
  object space 1213440K, 3% used [0x000000048e200000,0x0000000490e8ee78,0x00000004d8300000)
 Metaspace       used 59028K, capacity 60294K, committed 60692K, reserved 1101824K
  class space    used 7204K, capacity 7457K, committed 7552K, reserved 1048576K
}
Event: 52.375 GC heap before
{Heap before GC invocations=22 (full 3):
 PSYoungGen      total 735744K, used 724034K [0x00000006af600000, 0x00000006dee80000, 0x00000007c0000000)
  eden space 722432K, 99% used [0x00000006af600000,0x00000006db7017b0,0x00000006db780000)
  from space 13312K, 15% used [0x00000006de180000,0x00000006de38f160,0x00000006dee80000)
  to   space 28160K, 0% used [0x00000006db780000,0x00000006db780000,0x00000006dd300000)
 ParOldGen       total 1213440K, used 45627K [0x000000048e200000, 0x00000004d8300000, 0x00000006af600000)
  object space 1213440K, 3% used [0x000000048e200000,0x0000000490e8ee78,0x00000004d8300000)
 Metaspace       used 59028K, capacity 60294K, committed 60692K, reserved 1101824K
  class space    used 7204K, capacity 7457K, committed 7552K, reserved 1048576K
Event: 52.688 GC heap after
Heap after GC invocations=22 (full 3):
 PSYoungGen      total 750592K, used 2605K [0x00000006af600000, 0x00000006ea180000, 0x00000007c0000000)
  eden space 722432K, 0% used [0x00000006af600000,0x00000006af600000,0x00000006db780000)
  from space 28160K, 9% used [0x00000006db780000,0x00000006dba0b660,0x00000006dd300000)
  to   space 27136K, 0% used [0x00000006e8700000,0x00000006e8700000,0x00000006ea180000)
 ParOldGen       total 1213440K, used 45659K [0x000000048e200000, 0x00000004d8300000, 0x00000006af600000)
  object space 1213440K, 3% used [0x000000048e200000,0x0000000490e96e78,0x00000004d8300000)
 Metaspace       used 59028K, capacity 60294K, committed 60692K, reserved 1101824K
  class space    used 7204K, capacity 7457K, committed 7552K, reserved 1048576K
}
Event: 54.268 GC heap before
{Heap before GC invocations=23 (full 3):
 PSYoungGen      total 750592K, used 725037K [0x00000006af600000, 0x00000006ea180000, 0x00000007c0000000)
  eden space 722432K, 100% used [0x00000006af600000,0x00000006db780000,0x00000006db780000)
  from space 28160K, 9% used [0x00000006db780000,0x00000006dba0b660,0x00000006dd300000)
  to   space 27136K, 0% used [0x00000006e8700000,0x00000006e8700000,0x00000006ea180000)
 ParOldGen       total 1213440K, used 45659K [0x000000048e200000, 0x00000004d8300000, 0x00000006af600000)
  object space 1213440K, 3% used [0x000000048e200000,0x0000000490e96e78,0x00000004d8300000)
 Metaspace       used 59034K, capacity 60294K, committed 60692K, reserved 1101824K
  class space    used 7205K, capacity 7457K, committed 7552K, reserved 1048576K
Event: 54.448 GC heap after
Heap after GC invocations=23 (full 3):
 PSYoungGen      total 936960K, used 4106K [0x00000006af600000, 0x00000006ea280000, 0x00000007c0000000)
  eden space 909824K, 0% used [0x00000006af600000,0x00000006af600000,0x00000006e6e80000)
  from space 27136K, 15% used [0x00000006e8700000,0x00000006e8b02a08,0x00000006ea180000)
  to   space 25088K, 0% used [0x00000006e6e80000,0x00000006e6e80000,0x00000006e8700000)
 ParOldGen       total 1213440K, used 45675K [0x000000048e200000, 0x00000004d8300000, 0x00000006af600000)
  object space 1213440K, 3% used [0x000000048e200000,0x0000000490e9ae78,0x00000004d8300000)
 Metaspace       used 59034K, capacity 60294K, committed 60692K, reserved 1101824K
  class space    used 7205K, capacity 7457K, committed 7552K, reserved 1048576K
}

